<?xml version="1.0" encoding="UTF-8"?>
<!-- Generated by org.testng.reporters.JUnitReportReporter -->
<testsuite hostname="LAPTOP-GF5TR41E" failures="0" tests="1" name="pack.TC_1" time="4.662" errors="0" timestamp="2023-02-28T21:15:50 IST" skipped="0">
  <testcase classname="pack.TC_1" name="f" time="4.662"/>
  <system-out/>
</testsuite> <!-- pack.TC_1 -->
